make all --print-data-base --no-builtin-variables --no-builtin-rules --question
# GNU Make 4.2.1
# Built for x86_64-pc-linux-gnu
# Copyright (C) 1988-2016 Free Software Foundation, Inc.
# License GPLv3+: GNU GPL version 3 or later <http://gnu.org/licenses/gpl.html>
# This is free software: you are free to change and redistribute it.
# There is NO WARRANTY, to the extent permitted by law.

# Make data base, printed on Wed May 18 12:27:50 2022

# Variables

# 'override' directive
GNUMAKEFLAGS := 
# automatic
<D = $(patsubst %/,%,$(dir $<))
# automatic
?F = $(notdir $?)
# environment
DESKTOP_SESSION = ubuntu
# default
.SHELLFLAGS := -c
# makefile (from 'Makefile', line 5)
OBJ = main.o splash.o levelselector.o levels.o
# environment
XDG_SESSION_CLASS = user
# environment
XDG_SESSION_TYPE = x11
# environment
VSCODE_LOG_NATIVE = false
# makefile (from 'Makefile', line 6)
TARGET = game
# environment
NVM_INC = /home/ratan/.nvm/versions/node/v17.3.0/include/node
# automatic
?D = $(patsubst %/,%,$(dir $?))
# environment
IM_CONFIG_PHASE = 1
# automatic
@D = $(patsubst %/,%,$(dir $@))
# environment
XAUTHORITY = /run/user/1000/gdm/Xauthority
# environment
GDMSESSION = ubuntu
# environment
XMODIFIERS = @im=ibus
# makefile
CURDIR := /home/ratan/devel/c/sturdy-octo-doodle
# makefile
SHELL = /bin/sh
# environment
JRE_HOME = /opt/jdk/jre
# environment
VSCODE_NLS_CONFIG = {"locale":"en-gb","availableLanguages":{},"_languagePackSupport":true}
# environment
_ = /usr/share/code/code
# makefile (from 'Makefile', line 2)
CFLAGS = -I/usr/local/includ -g -Wall
# environment
JOURNAL_STREAM = 8:64370
# environment
XDG_CONFIG_DIRS = /etc/xdg/xdg-ubuntu:/etc/xdg
# makefile (from 'Makefile', line 1)
MAKEFILE_LIST :=  Makefile
# environment
JAVA_HOME = /usr/lib/jvm/java-17-openjdk-amd64
# automatic
@F = $(notdir $@)
# environment
GIO_LAUNCHED_DESKTOP_FILE = /usr/share/applications/code.desktop
# environment
USERNAME = ratan
# makefile (from 'Makefile', line 4)
SOURCES = main.c splash.c levelselector.c levels.c
# environment
XDG_DATA_DIRS = /usr/share/ubuntu:/usr/local/share/:/usr/share/:/var/lib/snapd/desktop
# environment
DBUS_SESSION_BUS_ADDRESS = unix:path=/run/user/1000/bus
# environment
VSCODE_VERBOSE_LOGGING = true
# environment
MANAGERPID = 2898
# environment
LESSOPEN = | /usr/bin/lesspipe %s
# environment
VSCODE_CWD = /home/ratan
# default
MAKE_HOST := x86_64-pc-linux-gnu
# environment
PATH = /home/ratan/.local/bin:/home/ratan/bin:/home/ratan/.nvm/versions/node/v17.3.0/bin:/home/ratan/.local/bin:/home/ratan/bin:/usr/local/sbin:/usr/local/bin:/usr/sbin:/usr/bin:/sbin:/bin:/usr/games:/usr/local/games:/snap/bin:/opt/jdk/bin:/home/ratan/.pulumi/bin
# environment
GPG_AGENT_INFO = /run/user/1000/gnupg/S.gpg-agent:0:1
# environment
SESSION_MANAGER = local/ratan:@/tmp/.ICE-unix/3138,unix/ratan:/tmp/.ICE-unix/3138
# environment
XDG_RUNTIME_DIR = /run/user/1000
# environment
NVM_BIN = /home/ratan/.nvm/versions/node/v17.3.0/bin
# environment
XDG_MENU_PREFIX = gnome-
# environment
VSCODE_LOG_STACK = false
# environment
ELECTRON_RUN_AS_NODE = 1
# environment
INVOCATION_ID = a45fa6eb244a46cd84b1f80c337b25d3
# makefile (from 'Makefile', line 3)
LDFLAGS = -L/usr/local/lib -lallegro_font -lallegro_ttf -lallegro_image -lallegro_primitives -lallegro -ljson-c
# default
.FEATURES := target-specific order-only second-expansion else-if shortest-stem undefine oneshell archives jobserver output-sync check-symlink load
# environment
LS_COLORS = 
# environment
XDG_SESSION_DESKTOP = ubuntu
# environment
SSH_AUTH_SOCK = /run/user/1000/keyring/ssh
# environment
GIO_LAUNCHED_DESKTOP_FILE_PID = 117109
# environment
JDK_HOME = /opt/jdk
# automatic
%F = $(notdir $%)
# environment
DISPLAY = :0
# environment
VSCODE_PIPE_LOGGING = true
# environment
PWD = /home/ratan/devel/c/sturdy-octo-doodle
# default
.LOADED := 
# environment
SSH_AGENT_PID = 3100
# environment
ORIGINAL_XDG_CURRENT_DESKTOP = ubuntu:GNOME
# environment
GTK_MODULES = gail:atk-bridge
# environment
VSCODE_AMD_ENTRYPOINT = vs/workbench/api/node/extensionHostProcess
# environment
HOME = /home/ratan
# environment
GNANA_CLIENT_ENV = /home/ratan/devel/aviso/python_sdk_venv
# environment
LESSCLOSE = /usr/bin/lesspipe %s %s
# environment
VSCODE_CODE_CACHE_PATH = /home/ratan/.config/Code/CachedData/da15b6fd3ef856477bf6f4fb29ba1b7af717770d
# environment
LOGNAME = ratan
# environment
APPLICATION_INSIGHTS_NO_DIAGNOSTIC_CHANNEL = 1
# environment
NVM_CD_FLAGS = 
# environment
VSCODE_HANDLES_UNCAUGHT_ERRORS = true
# environment
GNOME_DESKTOP_SESSION_ID = this-is-deprecated
# automatic
^D = $(patsubst %/,%,$(dir $^))
# environment
MAKELEVEL := 0
# default
MAKE = $(MAKE_COMMAND)
# default
MAKECMDGOALS := all
# environment
QT_IM_MODULE = ibus
# environment
SHLVL = 0
# makefile (from 'Makefile', line 1)
CC = gcc
# environment
GNOME_SHELL_SESSION_MODE = ubuntu
# environment
VSCODE_IPC_HOOK_EXTHOST = /run/user/1000/vscode-ipc-6e93f45f-e0b9-4ed0-95ed-d4a3d2da9660.sock
# default
MAKE_VERSION := 4.2.1
# environment
USER = ratan
# makefile
.DEFAULT_GOAL := all
# environment
XDG_CURRENT_DESKTOP = Unity
# automatic
%D = $(patsubst %/,%,$(dir $%))
# default
MAKE_COMMAND := make
# default
.VARIABLES := 
# automatic
*F = $(notdir $*)
# environment
LANGUAGE = en_IN:en
# environment
VSCODE_IPC_HOOK = /run/user/1000/vscode-1892dced-1.67.1-main.sock
# makefile
MAKEFLAGS = pqrR
# environment
MFLAGS = -pqrR
# automatic
*D = $(patsubst %/,%,$(dir $*))
# environment
NVM_DIR = /home/ratan/.nvm
# automatic
+D = $(patsubst %/,%,$(dir $+))
# environment
GDK_BACKEND = x11
# automatic
+F = $(notdir $+)
# environment
QT_ACCESSIBILITY = 1
# default
MAKEFILES := 
# automatic
<F = $(notdir $<)
# environment
LC_ALL = C
# environment
GJS_DEBUG_TOPICS = JS ERROR;JS LOG
# automatic
^F = $(notdir $^)
# default
SUFFIXES := 
# environment
CHROME_DESKTOP = code-url-handler.desktop
# environment
WINDOWPATH = 2
# default
.INCLUDE_DIRS = /usr/include /usr/local/include /usr/include
# environment
GJS_DEBUG_OUTPUT = stderr
# default
.RECIPEPREFIX := 
# environment
LANG = C
# environment
VSCODE_PID = 117109
# variable set hash-table stats:
# Load=112/1024=11%, Rehash=0, Collisions=17/141=12%

# Pattern-specific Variable Values

# No pattern-specific variable values.

# Directories

# . (device 64769, inode 9583375): 26 files, no impossibilities.

# 26 files, no impossibilities in 1 directories.

# Implicit Rules

# No implicit rules.

# Files

levelselector.o: main.c splash.c levelselector.c levels.c
#  Implicit rule search has not been done.
#  Last modified 2022-05-18 01:20:57.451479953
#  File has been updated.
#  Successfully updated.
#  recipe to execute (from 'Makefile', line 19):
	$(CC) -c $(SOURCES) $(CFLAGS)

all: game
#  Phony target (prerequisite of .PHONY).
#  Command line target.
#  Implicit rule search has not been done.
#  File does not exist.
#  File has been updated.
#  Successfully updated.

.PHONY: all clean
#  Implicit rule search has not been done.
#  Modification time never checked.
#  File has not been updated.

# Not a target:
main.c:
#  Implicit rule search has been done.
#  Last modified 2022-05-18 01:07:45.201691332
#  File has been updated.
#  Successfully updated.

# Not a target:
Makefile:
#  Implicit rule search has been done.
 
#  Last modified 2022-05-18 00:49:14.537023623
#  File has been updated.
#  Successfully updated.

# Not a target:
splash.c:
#  Implicit rule search has been done.
#  Last modified 2022-05-14 13:02:33.403066851
#  File has been updated.
#  Successfully updated.

levels.o: main.c splash.c levelselector.c levels.c
#  Implicit rule search has not been done.
#  Last modified 2022-05-18 01:20:57.495479816
#  File has been updated.
#  Successfully updated.
#  recipe to execute (from 'Makefile', line 19):
	$(CC) -c $(SOURCES) $(CFLAGS)

# Not a target:
levelselector.c:
#  Implicit rule search has been done.
#  Last modified 2022-05-17 01:13:45.36325586
#  File has been updated.
#  Successfully updated.

# Not a target:
.DEFAULT:
#  Implicit rule search has not been done.
#  Modification time never checked.
#  File has not been updated.

# Not a target:
levels.c:
#  Implicit rule search has been done.
#  Last modified 2022-05-18 01:12:24.408992882
#  File has been updated.
#  Successfully updated.

clean:
#  Phony target (prerequisite of .PHONY).
#  Implicit rule search has not been done.
#  File does not exist.
#  File has not been updated.
#  recipe to execute (from 'Makefile', line 13):
	$(RM) *~ *.o $(TARGET)

game: main.o splash.o levelselector.o levels.o
#  Implicit rule search has not been done.
#  Last modified 2022-05-18 01:20:57.559479616
#  File has been updated.
#  Successfully updated.
#  recipe to execute (from 'Makefile', line 16):
	$(CC) -o $(TARGET) $(OBJ) $(LDFLAGS)

main.o: main.c splash.c levelselector.c levels.c
#  Implicit rule search has not been done.
#  Last modified 2022-05-18 01:20:57.34348029
#  File has been updated.
#  Successfully updated.
#  recipe to execute (from 'Makefile', line 19):
	$(CC) -c $(SOURCES) $(CFLAGS)

splash.o: main.c splash.c levelselector.c levels.c
#  Implicit rule search has not been done.
#  Last modified 2022-05-18 01:20:57.395480128
#  File has been updated.
#  Successfully updated.
#  recipe to execute (from 'Makefile', line 19):
	$(CC) -c $(SOURCES) $(CFLAGS)

# files hash-table stats:
# Load=15/1024=1%, Rehash=0, Collisions=0/44=0%
# VPATH Search Paths

# No 'vpath' search paths.

# No general ('VPATH' variable) search path.

# strcache buffers: 1 (0) / strings = 33 / storage = 308 B / avg = 9 B
# current buf: size = 8162 B / used = 308 B / count = 33 / avg = 9 B

# strcache performance: lookups = 64 / hit rate = 48%
# hash-table stats:
# Load=33/8192=0%, Rehash=0, Collisions=1/64=2%
# Finished Make data base on Wed May 18 12:27:50 2022

 
